0 info it worked if it ends with ok
1 verbose cli [ 'C:\\Program Files\\nodejs\\node.exe',
1 verbose cli   'C:\\Program Files\\nodejs\\node_modules\\npm\\bin\\npm-cli.js',
1 verbose cli   'start' ]
2 info using npm@3.10.8
3 info using node@v6.9.1
4 verbose run-script [ 'prestart', 'start', 'poststart' ]
5 info lifecycle p2-front-end-design-implementation-2@0.0.0~prestart: p2-front-end-design-implementation-2@0.0.0
6 silly lifecycle p2-front-end-design-implementation-2@0.0.0~prestart: no script for prestart, continuing
7 info lifecycle p2-front-end-design-implementation-2@0.0.0~start: p2-front-end-design-implementation-2@0.0.0
8 verbose lifecycle p2-front-end-design-implementation-2@0.0.0~start: unsafe-perm in lifecycle true
9 verbose lifecycle p2-front-end-design-implementation-2@0.0.0~start: PATH: C:\Program Files\nodejs\node_modules\npm\bin\node-gyp-bin;C:\Users\Victor\Documents\University\UniCode\CS3XXX\First Semester\CS3101 - Databases\P2 – Front-end Design & Implementation\node_modules\.bin;C:\Program Files\Haskell\bin;C:\Program Files\Haskell Platform\8.0.2\lib\extralibs\bin;C:\Program Files\Haskell Platform\8.0.2\bin;C:\Program Files\Java\jdk1.8.0_101\bin;C:\ProgramData\Oracle\Java\javapath;C:\Program Files (x86)\Lenovo\FusionEngine;C:\Program Files (x86)\Intel\iCLS Client\;C:\Program Files\Intel\iCLS Client\;C:\WINDOWS\system32;C:\WINDOWS;C:\WINDOWS\System32\Wbem;C:\WINDOWS\System32\WindowsPowerShell\v1.0\;C:\Program Files\Intel\Intel(R) Management Engine Components\DAL;C:\Program Files (x86)\Intel\Intel(R) Management Engine Components\DAL;C:\Program Files\Intel\Intel(R) Management Engine Components\IPT;C:\Program Files (x86)\Intel\Intel(R) Management Engine Components\IPT;C:\Program Files\Microsoft SQL Server\130\Tools\Binn\;C:\Program Files (x86)\Skype\Phone\;C:\Users\Victor\Downloads\Coding\Dev Kits\apache-ant-1.9.7\bin;C:\Program Files\nodejs\;C:\Program Files\TortoiseHg\;C:\MinGW\bin;C:\MinGW\bin\mingw32-make;C:\ProgramData\chocolatey\bin;C:\Program Files\LLVM\bin;C:\Program Files\PuTTY\;C:\Program Files\Git\cmd;C:\Program Files\MySQL\MySQL Utilities 1.6\;C:\Users\Victor\AppData\Roaming\npm;C:\Users\Victor\AppData\Local\Programs\Python\Python35\Scripts\;C:\Users\Victor\AppData\Local\Programs\Python\Python35\;C:\Users\Victor\AppData\Roaming\cabal\bin;C:\Users\Victor\AppData\Roaming\local\bin;C:\Users\Victor\Downloads\Coding\Dev Kits\gwt-2.8.0;C:\MinGW\bin;C:\Program Files (x86)\Microsoft VS Code\bin;C:\tools\mingw64\bin;;C:\Program Files\Docker Toolbox;C:\Users\Victor\AppData\Local\Microsoft\WindowsApps
10 verbose lifecycle p2-front-end-design-implementation-2@0.0.0~start: CWD: C:\Users\Victor\Documents\University\UniCode\CS3XXX\First Semester\CS3101 - Databases\P2 – Front-end Design & Implementation
11 silly lifecycle p2-front-end-design-implementation-2@0.0.0~start: Args: [ '/d /s /c', 'node ./bin/www' ]
12 silly lifecycle p2-front-end-design-implementation-2@0.0.0~start: Returned: code: 1  signal: null
13 info lifecycle p2-front-end-design-implementation-2@0.0.0~start: Failed to exec start script
14 verbose stack Error: p2-front-end-design-implementation-2@0.0.0 start: `node ./bin/www`
14 verbose stack Exit status 1
14 verbose stack     at EventEmitter.<anonymous> (C:\Program Files\nodejs\node_modules\npm\lib\utils\lifecycle.js:255:16)
14 verbose stack     at emitTwo (events.js:106:13)
14 verbose stack     at EventEmitter.emit (events.js:191:7)
14 verbose stack     at ChildProcess.<anonymous> (C:\Program Files\nodejs\node_modules\npm\lib\utils\spawn.js:40:14)
14 verbose stack     at emitTwo (events.js:106:13)
14 verbose stack     at ChildProcess.emit (events.js:191:7)
14 verbose stack     at maybeClose (internal/child_process.js:877:16)
14 verbose stack     at Process.ChildProcess._handle.onexit (internal/child_process.js:226:5)
15 verbose pkgid p2-front-end-design-implementation-2@0.0.0
16 verbose cwd C:\Users\Victor\Documents\University\UniCode\CS3XXX\First Semester\CS3101 - Databases\P2 – Front-end Design & Implementation
17 error Windows_NT 10.0.15063
18 error argv "C:\\Program Files\\nodejs\\node.exe" "C:\\Program Files\\nodejs\\node_modules\\npm\\bin\\npm-cli.js" "start"
19 error node v6.9.1
20 error npm  v3.10.8
21 error code ELIFECYCLE
22 error p2-front-end-design-implementation-2@0.0.0 start: `node ./bin/www`
22 error Exit status 1
23 error Failed at the p2-front-end-design-implementation-2@0.0.0 start script 'node ./bin/www'.
23 error Make sure you have the latest version of node.js and npm installed.
23 error If you do, this is most likely a problem with the p2-front-end-design-implementation-2 package,
23 error not with npm itself.
23 error Tell the author that this fails on your system:
23 error     node ./bin/www
23 error You can get information on how to open an issue for this project with:
23 error     npm bugs p2-front-end-design-implementation-2
23 error Or if that isn't available, you can get their info via:
23 error     npm owner ls p2-front-end-design-implementation-2
23 error There is likely additional logging output above.
24 verbose exit [ 1, true ]
